<?xml version="1.0" encoding="UTF-8"?>
<!-- Generated by org.testng.reporters.JUnitReportReporter -->
<testsuite hostname="DESKTOP-5AH013U" failures="0" tests="1" name="test_homepage.HomePageCompTest" time="8.451" errors="0" timestamp="2024-09-12T22:56:10 EEST" skipped="0">
  <testcase classname="test_homepage.HomePageCompTest" name="CheckNumberIsDisplayedOnCartIconAfterAddingEachItemToTheCart" time="8.451"/>
</testsuite> <!-- test_homepage.HomePageCompTest -->
