<?xml version="1.0" encoding="UTF-8"?>
<!-- Generated by org.testng.reporters.JUnitReportReporter -->
<testsuite hostname="DESKTOP-5AH013U" failures="0" tests="2" name="test_homepage.HomePageCompTest" time="34.858" errors="0" timestamp="2024-09-28T17:40:58 EET" skipped="0">
  <testcase classname="test_homepage.HomePageCompTest" name="CheckBadgeNumberIsDisplayedAfterPressingAddToCart" time="13.484"/>
  <testcase classname="test_homepage.HomePageCompTest" name="CheckNumberIsDisplayedOnCartIconAfterAddingEachItemToTheCart" time="21.374"/>
</testsuite> <!-- test_homepage.HomePageCompTest -->
